running develop
Removing /home/user/ws_mobile_robot/install/mobile_robot/lib/python3.12/site-packages/mobile-robot.egg-link (link to .)
running egg_info
writing ../../build/mobile_robot/mobile_robot.egg-info/PKG-INFO
writing dependency_links to ../../build/mobile_robot/mobile_robot.egg-info/dependency_links.txt
writing requirements to ../../build/mobile_robot/mobile_robot.egg-info/requires.txt
writing top-level names to ../../build/mobile_robot/mobile_robot.egg-info/top_level.txt
reading manifest file '../../build/mobile_robot/mobile_robot.egg-info/SOURCES.txt'
writing manifest file '../../build/mobile_robot/mobile_robot.egg-info/SOURCES.txt'
running build
running build_py
creating /home/user/ws_mobile_robot/build/mobile_robot/build
creating /home/user/ws_mobile_robot/build/mobile_robot/build/lib
creating /home/user/ws_mobile_robot/build/mobile_robot/build/lib/mobile_robot
copying mobile_robot/__init__.py -> /home/user/ws_mobile_robot/build/mobile_robot/build/lib/mobile_robot
running install
running install_lib
creating /home/user/ws_mobile_robot/install/mobile_robot/lib/python3.12/site-packages/mobile_robot
copying /home/user/ws_mobile_robot/build/mobile_robot/build/lib/mobile_robot/__init__.py -> /home/user/ws_mobile_robot/install/mobile_robot/lib/python3.12/site-packages/mobile_robot
byte-compiling /home/user/ws_mobile_robot/install/mobile_robot/lib/python3.12/site-packages/mobile_robot/__init__.py to __init__.cpython-312.pyc
running install_data
copying resource/mobile_robot -> /home/user/ws_mobile_robot/install/mobile_robot/share/ament_index/resource_index/packages
copying package.xml -> /home/user/ws_mobile_robot/install/mobile_robot/share/mobile_robot
copying launch/gazebo_model.launch.py -> /home/user/ws_mobile_robot/install/mobile_robot/share/mobile_robot/launch
copying model/robot.xacro -> /home/user/ws_mobile_robot/install/mobile_robot/share/mobile_robot/model
copying model/robot.gazebo -> /home/user/ws_mobile_robot/install/mobile_robot/share/mobile_robot/model
copying model/obstacle_avoidance.py -> /home/user/ws_mobile_robot/install/mobile_robot/share/mobile_robot/model
copying params/bridge_parameters.yaml -> /home/user/ws_mobile_robot/install/mobile_robot/share/mobile_robot/params
running install_egg_info
Copying ../../build/mobile_robot/mobile_robot.egg-info to /home/user/ws_mobile_robot/install/mobile_robot/lib/python3.12/site-packages/mobile_robot-0.0.0-py3.12.egg-info
running install_scripts
writing list of installed files to '/home/user/ws_mobile_robot/build/mobile_robot/install.log'
