[0.834s] DEBUG:colcon:Command line arguments: ['/usr/bin/colcon', 'build', '--symlink-install']
[0.834s] DEBUG:colcon:Parsed command line arguments: Namespace(log_base=None, log_level=None, verb_name='build', build_base='build', install_base='install', merge_install=False, symlink_install=True, test_result_base=None, continue_on_error=False, executor='parallel', parallel_workers=4, event_handlers=None, ignore_user_meta=False, metas=['./colcon.meta'], base_paths=['.'], packages_ignore=None, packages_ignore_regex=None, paths=None, packages_up_to=None, packages_up_to_regex=None, packages_above=None, packages_above_and_dependencies=None, packages_above_depth=None, packages_select_by_dep=None, packages_skip_by_dep=None, packages_skip_up_to=None, packages_select_build_failed=False, packages_skip_build_finished=False, packages_select_test_failures=False, packages_skip_test_passed=False, packages_select=None, packages_skip=None, packages_select_regex=None, packages_skip_regex=None, packages_start=None, packages_end=None, allow_overriding=[], cmake_args=None, cmake_target=None, cmake_target_skip_unavailable=False, cmake_clean_cache=False, cmake_clean_first=False, cmake_force_configure=False, ament_cmake_args=None, catkin_cmake_args=None, catkin_skip_building_tests=False, mixin_files=None, mixin=None, verb_parser=<colcon_mixin.mixin.mixin_argument.MixinArgumentDecorator object at 0x7cff0eb84410>, verb_extension=<colcon_core.verb.build.BuildVerb object at 0x7cff0eb840e0>, main=<bound method BuildVerb.main of <colcon_core.verb.build.BuildVerb object at 0x7cff0eb840e0>>, mixin_verb=('build',))
[1.022s] Level 1:colcon.colcon_core.package_discovery:discover_packages(colcon_meta) check parameters
[1.022s] Level 1:colcon.colcon_core.package_discovery:discover_packages(recursive) check parameters
[1.022s] Level 1:colcon.colcon_core.package_discovery:discover_packages(ignore) check parameters
[1.022s] Level 1:colcon.colcon_core.package_discovery:discover_packages(path) check parameters
[1.022s] Level 1:colcon.colcon_core.package_discovery:discover_packages(colcon_meta) discover
[1.023s] Level 1:colcon.colcon_core.package_discovery:discover_packages(recursive) discover
[1.023s] INFO:colcon.colcon_core.package_discovery:Crawling recursively for packages in '/home/user/ws_mobile_robot'
[1.023s] Level 1:colcon.colcon_core.package_identification:_identify(.) by extensions ['ignore', 'ignore_ament_install']
[1.023s] Level 1:colcon.colcon_core.package_identification:_identify(.) by extension 'ignore'
[1.023s] Level 1:colcon.colcon_core.package_identification:_identify(.) by extension 'ignore_ament_install'
[1.024s] Level 1:colcon.colcon_core.package_identification:_identify(.) by extensions ['colcon_pkg']
[1.024s] Level 1:colcon.colcon_core.package_identification:_identify(.) by extension 'colcon_pkg'
[1.024s] Level 1:colcon.colcon_core.package_identification:_identify(.) by extensions ['colcon_meta']
[1.024s] Level 1:colcon.colcon_core.package_identification:_identify(.) by extension 'colcon_meta'
[1.024s] Level 1:colcon.colcon_core.package_identification:_identify(.) by extensions ['ros']
[1.024s] Level 1:colcon.colcon_core.package_identification:_identify(.) by extension 'ros'
[1.107s] Level 1:colcon.colcon_core.package_identification:_identify(.) by extensions ['cmake', 'python']
[1.107s] Level 1:colcon.colcon_core.package_identification:_identify(.) by extension 'cmake'
[1.108s] Level 1:colcon.colcon_core.package_identification:_identify(.) by extension 'python'
[1.108s] Level 1:colcon.colcon_core.package_identification:_identify(.) by extensions ['python_setup_py']
[1.108s] Level 1:colcon.colcon_core.package_identification:_identify(.) by extension 'python_setup_py'
[1.108s] Level 1:colcon.colcon_core.package_identification:_identify(build) by extensions ['ignore', 'ignore_ament_install']
[1.108s] Level 1:colcon.colcon_core.package_identification:_identify(build) by extension 'ignore'
[1.108s] Level 1:colcon.colcon_core.package_identification:_identify(build) ignored
[1.108s] Level 1:colcon.colcon_core.package_identification:_identify(install) by extensions ['ignore', 'ignore_ament_install']
[1.109s] Level 1:colcon.colcon_core.package_identification:_identify(install) by extension 'ignore'
[1.109s] Level 1:colcon.colcon_core.package_identification:_identify(install) ignored
[1.109s] Level 1:colcon.colcon_core.package_identification:_identify(log) by extensions ['ignore', 'ignore_ament_install']
[1.109s] Level 1:colcon.colcon_core.package_identification:_identify(log) by extension 'ignore'
[1.109s] Level 1:colcon.colcon_core.package_identification:_identify(log) ignored
[1.110s] Level 1:colcon.colcon_core.package_identification:_identify(src) by extensions ['ignore', 'ignore_ament_install']
[1.110s] Level 1:colcon.colcon_core.package_identification:_identify(src) by extension 'ignore'
[1.110s] Level 1:colcon.colcon_core.package_identification:_identify(src) by extension 'ignore_ament_install'
[1.110s] Level 1:colcon.colcon_core.package_identification:_identify(src) by extensions ['colcon_pkg']
[1.110s] Level 1:colcon.colcon_core.package_identification:_identify(src) by extension 'colcon_pkg'
[1.111s] Level 1:colcon.colcon_core.package_identification:_identify(src) by extensions ['colcon_meta']
[1.111s] Level 1:colcon.colcon_core.package_identification:_identify(src) by extension 'colcon_meta'
[1.111s] Level 1:colcon.colcon_core.package_identification:_identify(src) by extensions ['ros']
[1.111s] Level 1:colcon.colcon_core.package_identification:_identify(src) by extension 'ros'
[1.111s] Level 1:colcon.colcon_core.package_identification:_identify(src) by extensions ['cmake', 'python']
[1.111s] Level 1:colcon.colcon_core.package_identification:_identify(src) by extension 'cmake'
[1.111s] Level 1:colcon.colcon_core.package_identification:_identify(src) by extension 'python'
[1.111s] Level 1:colcon.colcon_core.package_identification:_identify(src) by extensions ['python_setup_py']
[1.111s] Level 1:colcon.colcon_core.package_identification:_identify(src) by extension 'python_setup_py'
[1.112s] Level 1:colcon.colcon_core.package_identification:_identify(src/mobile_robot) by extensions ['ignore', 'ignore_ament_install']
[1.112s] Level 1:colcon.colcon_core.package_identification:_identify(src/mobile_robot) by extension 'ignore'
[1.112s] Level 1:colcon.colcon_core.package_identification:_identify(src/mobile_robot) by extension 'ignore_ament_install'
[1.112s] Level 1:colcon.colcon_core.package_identification:_identify(src/mobile_robot) by extensions ['colcon_pkg']
[1.112s] Level 1:colcon.colcon_core.package_identification:_identify(src/mobile_robot) by extension 'colcon_pkg'
[1.113s] Level 1:colcon.colcon_core.package_identification:_identify(src/mobile_robot) by extensions ['colcon_meta']
[1.113s] Level 1:colcon.colcon_core.package_identification:_identify(src/mobile_robot) by extension 'colcon_meta'
[1.113s] Level 1:colcon.colcon_core.package_identification:_identify(src/mobile_robot) by extensions ['ros']
[1.113s] Level 1:colcon.colcon_core.package_identification:_identify(src/mobile_robot) by extension 'ros'
[1.119s] DEBUG:colcon.colcon_core.package_identification:Package 'src/mobile_robot' with type 'ros.ament_python' and name 'mobile_robot'
[1.120s] Level 1:colcon.colcon_core.package_discovery:discover_packages(recursive) using defaults
[1.120s] Level 1:colcon.colcon_core.package_discovery:discover_packages(ignore) discover
[1.120s] Level 1:colcon.colcon_core.package_discovery:discover_packages(ignore) using defaults
[1.120s] Level 1:colcon.colcon_core.package_discovery:discover_packages(path) discover
[1.120s] Level 1:colcon.colcon_core.package_discovery:discover_packages(path) using defaults
[1.168s] Level 1:colcon.colcon_core.package_discovery:discover_packages(prefix_path) check parameters
[1.168s] Level 1:colcon.colcon_core.package_discovery:discover_packages(prefix_path) discover
[1.178s] DEBUG:colcon.colcon_installed_package_information.package_discovery:Found 389 installed packages in /opt/ros/jazzy
[1.181s] Level 1:colcon.colcon_core.package_discovery:discover_packages(prefix_path) using defaults
[1.270s] Level 5:colcon.colcon_core.verb:set package 'mobile_robot' build argument 'cmake_args' from command line to 'None'
[1.270s] Level 5:colcon.colcon_core.verb:set package 'mobile_robot' build argument 'cmake_target' from command line to 'None'
[1.270s] Level 5:colcon.colcon_core.verb:set package 'mobile_robot' build argument 'cmake_target_skip_unavailable' from command line to 'False'
[1.270s] Level 5:colcon.colcon_core.verb:set package 'mobile_robot' build argument 'cmake_clean_cache' from command line to 'False'
[1.270s] Level 5:colcon.colcon_core.verb:set package 'mobile_robot' build argument 'cmake_clean_first' from command line to 'False'
[1.270s] Level 5:colcon.colcon_core.verb:set package 'mobile_robot' build argument 'cmake_force_configure' from command line to 'False'
[1.270s] Level 5:colcon.colcon_core.verb:set package 'mobile_robot' build argument 'ament_cmake_args' from command line to 'None'
[1.271s] Level 5:colcon.colcon_core.verb:set package 'mobile_robot' build argument 'catkin_cmake_args' from command line to 'None'
[1.271s] Level 5:colcon.colcon_core.verb:set package 'mobile_robot' build argument 'catkin_skip_building_tests' from command line to 'False'
[1.271s] DEBUG:colcon.colcon_core.verb:Building package 'mobile_robot' with the following arguments: {'ament_cmake_args': None, 'build_base': '/home/user/ws_mobile_robot/build/mobile_robot', 'catkin_cmake_args': None, 'catkin_skip_building_tests': False, 'cmake_args': None, 'cmake_clean_cache': False, 'cmake_clean_first': False, 'cmake_force_configure': False, 'cmake_target': None, 'cmake_target_skip_unavailable': False, 'install_base': '/home/user/ws_mobile_robot/install/mobile_robot', 'merge_install': False, 'path': '/home/user/ws_mobile_robot/src/mobile_robot', 'symlink_install': True, 'test_result_base': None}
[1.271s] INFO:colcon.colcon_core.executor:Executing jobs using 'parallel' executor
[1.272s] DEBUG:colcon.colcon_parallel_executor.executor.parallel:run_until_complete
[1.272s] INFO:colcon.colcon_ros.task.ament_python.build:Building ROS package in '/home/user/ws_mobile_robot/src/mobile_robot' with build type 'ament_python'
[1.272s] Level 1:colcon.colcon_core.shell:create_environment_hook('mobile_robot', 'ament_prefix_path')
[1.282s] INFO:colcon.colcon_core.plugin_system:Skipping extension 'colcon_core.shell.bat': Not used on non-Windows systems
[1.282s] INFO:colcon.colcon_core.shell:Creating environment hook '/home/user/ws_mobile_robot/install/mobile_robot/share/mobile_robot/hook/ament_prefix_path.ps1'
[1.284s] INFO:colcon.colcon_core.shell:Creating environment descriptor '/home/user/ws_mobile_robot/install/mobile_robot/share/mobile_robot/hook/ament_prefix_path.dsv'
[1.285s] INFO:colcon.colcon_core.shell:Creating environment hook '/home/user/ws_mobile_robot/install/mobile_robot/share/mobile_robot/hook/ament_prefix_path.sh'
[1.287s] INFO:colcon.colcon_core.shell:Skip shell extension 'powershell' for command environment: Not usable outside of PowerShell
[1.287s] DEBUG:colcon.colcon_core.shell:Skip shell extension 'dsv' for command environment
[1.681s] INFO:colcon.colcon_core.task.python.build:Building Python package in '/home/user/ws_mobile_robot/src/mobile_robot'
[1.682s] INFO:colcon.colcon_core.shell:Skip shell extension 'powershell' for command environment: Not usable outside of PowerShell
[1.682s] DEBUG:colcon.colcon_core.shell:Skip shell extension 'dsv' for command environment
[3.490s] DEBUG:colcon.colcon_core.event_handler.log_command:Invoking command in '/home/user/ws_mobile_robot/build/mobile_robot': DEBUGINFOD_URLS=https://debuginfod.ubuntu.com PYTHONPATH=/home/user/ws_mobile_robot/build/mobile_robot/prefix_override:/usr/lib/python3/dist-packages/colcon_core/task/python/colcon_distutils_commands:/home/user/ws_mobile_robot/install/mobile_robot/lib/python3.12/site-packages:${PYTHONPATH} /usr/bin/python3 -W ignore:setup.py install is deprecated -W ignore:easy_install command is deprecated setup.py develop --editable --build-directory /home/user/ws_mobile_robot/build/mobile_robot/build --no-deps symlink_data
[4.699s] Level 1:colcon.colcon_core.shell:create_environment_hook('mobile_robot', 'pythonpath_develop')
[4.700s] INFO:colcon.colcon_core.shell:Creating environment hook '/home/user/ws_mobile_robot/build/mobile_robot/share/mobile_robot/hook/pythonpath_develop.ps1'
[4.701s] DEBUG:colcon.colcon_core.event_handler.log_command:Invoked command in '/home/user/ws_mobile_robot/build/mobile_robot' returned '0': DEBUGINFOD_URLS=https://debuginfod.ubuntu.com PYTHONPATH=/home/user/ws_mobile_robot/build/mobile_robot/prefix_override:/usr/lib/python3/dist-packages/colcon_core/task/python/colcon_distutils_commands:/home/user/ws_mobile_robot/install/mobile_robot/lib/python3.12/site-packages:${PYTHONPATH} /usr/bin/python3 -W ignore:setup.py install is deprecated -W ignore:easy_install command is deprecated setup.py develop --editable --build-directory /home/user/ws_mobile_robot/build/mobile_robot/build --no-deps symlink_data
[4.702s] INFO:colcon.colcon_core.shell:Creating environment descriptor '/home/user/ws_mobile_robot/build/mobile_robot/share/mobile_robot/hook/pythonpath_develop.dsv'
[4.702s] INFO:colcon.colcon_core.shell:Creating environment hook '/home/user/ws_mobile_robot/build/mobile_robot/share/mobile_robot/hook/pythonpath_develop.sh'
[4.719s] Level 1:colcon.colcon_core.environment:checking '/home/user/ws_mobile_robot/install/mobile_robot' for CMake module files
[4.720s] Level 1:colcon.colcon_core.environment:checking '/home/user/ws_mobile_robot/install/mobile_robot' for CMake config files
[4.722s] Level 1:colcon.colcon_core.environment:checking '/home/user/ws_mobile_robot/install/mobile_robot/lib'
[4.722s] Level 1:colcon.colcon_core.environment:checking '/home/user/ws_mobile_robot/install/mobile_robot/bin'
[4.722s] Level 1:colcon.colcon_core.environment:checking '/home/user/ws_mobile_robot/install/mobile_robot/lib/pkgconfig/mobile_robot.pc'
[4.723s] Level 1:colcon.colcon_core.environment:checking '/home/user/ws_mobile_robot/install/mobile_robot/lib/python3.12/site-packages'
[4.723s] Level 1:colcon.colcon_core.shell:create_environment_hook('mobile_robot', 'pythonpath')
[4.723s] INFO:colcon.colcon_core.shell:Creating environment hook '/home/user/ws_mobile_robot/install/mobile_robot/share/mobile_robot/hook/pythonpath.ps1'
[4.724s] INFO:colcon.colcon_core.shell:Creating environment descriptor '/home/user/ws_mobile_robot/install/mobile_robot/share/mobile_robot/hook/pythonpath.dsv'
[4.725s] INFO:colcon.colcon_core.shell:Creating environment hook '/home/user/ws_mobile_robot/install/mobile_robot/share/mobile_robot/hook/pythonpath.sh'
[4.726s] Level 1:colcon.colcon_core.environment:checking '/home/user/ws_mobile_robot/install/mobile_robot/bin'
[4.726s] Level 1:colcon.colcon_core.environment:create_environment_scripts_only(mobile_robot)
[4.727s] INFO:colcon.colcon_core.shell:Creating package script '/home/user/ws_mobile_robot/install/mobile_robot/share/mobile_robot/package.ps1'
[4.730s] INFO:colcon.colcon_core.shell:Creating package descriptor '/home/user/ws_mobile_robot/install/mobile_robot/share/mobile_robot/package.dsv'
[4.731s] INFO:colcon.colcon_core.shell:Creating package script '/home/user/ws_mobile_robot/install/mobile_robot/share/mobile_robot/package.sh'
[4.733s] INFO:colcon.colcon_core.shell:Creating package script '/home/user/ws_mobile_robot/install/mobile_robot/share/mobile_robot/package.bash'
[4.735s] INFO:colcon.colcon_core.shell:Creating package script '/home/user/ws_mobile_robot/install/mobile_robot/share/mobile_robot/package.zsh'
[4.737s] Level 1:colcon.colcon_core.environment:create_file_with_runtime_dependencies(/home/user/ws_mobile_robot/install/mobile_robot/share/colcon-core/packages/mobile_robot)
[4.739s] DEBUG:colcon.colcon_parallel_executor.executor.parallel:closing loop
[4.739s] DEBUG:colcon.colcon_parallel_executor.executor.parallel:loop closed
[4.740s] DEBUG:colcon.colcon_parallel_executor.executor.parallel:run_until_complete finished with '0'
[4.740s] DEBUG:colcon.colcon_core.event_reactor:joining thread
[4.759s] INFO:colcon.colcon_core.plugin_system:Skipping extension 'colcon_notification.desktop_notification.terminal_notifier': Not used on non-Darwin systems
[4.759s] INFO:colcon.colcon_core.plugin_system:Skipping extension 'colcon_notification.desktop_notification.win32': Not used on non-Windows systems
[4.759s] INFO:colcon.colcon_notification.desktop_notification:Sending desktop notification using 'notify2'
[4.804s] DEBUG:colcon.colcon_core.event_reactor:joined thread
[4.804s] INFO:colcon.colcon_core.shell:Creating prefix script '/home/user/ws_mobile_robot/install/local_setup.ps1'
[4.806s] INFO:colcon.colcon_core.shell:Creating prefix util module '/home/user/ws_mobile_robot/install/_local_setup_util_ps1.py'
[4.809s] INFO:colcon.colcon_core.shell:Creating prefix chain script '/home/user/ws_mobile_robot/install/setup.ps1'
[4.812s] INFO:colcon.colcon_core.shell:Creating prefix script '/home/user/ws_mobile_robot/install/local_setup.sh'
[4.813s] INFO:colcon.colcon_core.shell:Creating prefix util module '/home/user/ws_mobile_robot/install/_local_setup_util_sh.py'
[4.815s] INFO:colcon.colcon_core.shell:Creating prefix chain script '/home/user/ws_mobile_robot/install/setup.sh'
[4.818s] INFO:colcon.colcon_core.shell:Creating prefix script '/home/user/ws_mobile_robot/install/local_setup.bash'
[4.819s] INFO:colcon.colcon_core.shell:Creating prefix chain script '/home/user/ws_mobile_robot/install/setup.bash'
[4.822s] INFO:colcon.colcon_core.shell:Creating prefix script '/home/user/ws_mobile_robot/install/local_setup.zsh'
[4.823s] INFO:colcon.colcon_core.shell:Creating prefix chain script '/home/user/ws_mobile_robot/install/setup.zsh'
