[0.844s] DEBUG:colcon:Command line arguments: ['/usr/bin/colcon', 'build', '--packages-select', 'mobile_robot']
[0.845s] DEBUG:colcon:Parsed command line arguments: Namespace(log_base=None, log_level=None, verb_name='build', build_base='build', install_base='install', merge_install=False, symlink_install=False, test_result_base=None, continue_on_error=False, executor='parallel', parallel_workers=4, event_handlers=None, ignore_user_meta=False, metas=['./colcon.meta'], base_paths=['.'], packages_ignore=None, packages_ignore_regex=None, paths=None, packages_up_to=None, packages_up_to_regex=None, packages_above=None, packages_above_and_dependencies=None, packages_above_depth=None, packages_select_by_dep=None, packages_skip_by_dep=None, packages_skip_up_to=None, packages_select_build_failed=False, packages_skip_build_finished=False, packages_select_test_failures=False, packages_skip_test_passed=False, packages_select=['mobile_robot'], packages_skip=None, packages_select_regex=None, packages_skip_regex=None, packages_start=None, packages_end=None, allow_overriding=[], cmake_args=None, cmake_target=None, cmake_target_skip_unavailable=False, cmake_clean_cache=False, cmake_clean_first=False, cmake_force_configure=False, ament_cmake_args=None, catkin_cmake_args=None, catkin_skip_building_tests=False, mixin_files=None, mixin=None, verb_parser=<colcon_mixin.mixin.mixin_argument.MixinArgumentDecorator object at 0x7d24aefa45f0>, verb_extension=<colcon_core.verb.build.BuildVerb object at 0x7d24aefa4590>, main=<bound method BuildVerb.main of <colcon_core.verb.build.BuildVerb object at 0x7d24aefa4590>>, mixin_verb=('build',))
[1.137s] Level 1:colcon.colcon_core.package_discovery:discover_packages(colcon_meta) check parameters
[1.138s] Level 1:colcon.colcon_core.package_discovery:discover_packages(recursive) check parameters
[1.139s] Level 1:colcon.colcon_core.package_discovery:discover_packages(ignore) check parameters
[1.140s] Level 1:colcon.colcon_core.package_discovery:discover_packages(path) check parameters
[1.141s] Level 1:colcon.colcon_core.package_discovery:discover_packages(colcon_meta) discover
[1.142s] Level 1:colcon.colcon_core.package_discovery:discover_packages(recursive) discover
[1.142s] INFO:colcon.colcon_core.package_discovery:Crawling recursively for packages in '/home/user/ws_mobile_robot'
[1.143s] Level 1:colcon.colcon_core.package_identification:_identify(.) by extensions ['ignore', 'ignore_ament_install']
[1.143s] Level 1:colcon.colcon_core.package_identification:_identify(.) by extension 'ignore'
[1.144s] Level 1:colcon.colcon_core.package_identification:_identify(.) by extension 'ignore_ament_install'
[1.144s] Level 1:colcon.colcon_core.package_identification:_identify(.) by extensions ['colcon_pkg']
[1.144s] Level 1:colcon.colcon_core.package_identification:_identify(.) by extension 'colcon_pkg'
[1.145s] Level 1:colcon.colcon_core.package_identification:_identify(.) by extensions ['colcon_meta']
[1.145s] Level 1:colcon.colcon_core.package_identification:_identify(.) by extension 'colcon_meta'
[1.145s] Level 1:colcon.colcon_core.package_identification:_identify(.) by extensions ['ros']
[1.145s] Level 1:colcon.colcon_core.package_identification:_identify(.) by extension 'ros'
[1.306s] Level 1:colcon.colcon_core.package_identification:_identify(.) by extensions ['cmake', 'python']
[1.307s] Level 1:colcon.colcon_core.package_identification:_identify(.) by extension 'cmake'
[1.308s] Level 1:colcon.colcon_core.package_identification:_identify(.) by extension 'python'
[1.309s] Level 1:colcon.colcon_core.package_identification:_identify(.) by extensions ['python_setup_py']
[1.309s] Level 1:colcon.colcon_core.package_identification:_identify(.) by extension 'python_setup_py'
[1.310s] Level 1:colcon.colcon_core.package_identification:_identify(build) by extensions ['ignore', 'ignore_ament_install']
[1.310s] Level 1:colcon.colcon_core.package_identification:_identify(build) by extension 'ignore'
[1.310s] Level 1:colcon.colcon_core.package_identification:_identify(build) ignored
[1.311s] Level 1:colcon.colcon_core.package_identification:_identify(install) by extensions ['ignore', 'ignore_ament_install']
[1.311s] Level 1:colcon.colcon_core.package_identification:_identify(install) by extension 'ignore'
[1.311s] Level 1:colcon.colcon_core.package_identification:_identify(install) ignored
[1.312s] Level 1:colcon.colcon_core.package_identification:_identify(log) by extensions ['ignore', 'ignore_ament_install']
[1.312s] Level 1:colcon.colcon_core.package_identification:_identify(log) by extension 'ignore'
[1.313s] Level 1:colcon.colcon_core.package_identification:_identify(log) ignored
[1.313s] Level 1:colcon.colcon_core.package_identification:_identify(src) by extensions ['ignore', 'ignore_ament_install']
[1.314s] Level 1:colcon.colcon_core.package_identification:_identify(src) by extension 'ignore'
[1.314s] Level 1:colcon.colcon_core.package_identification:_identify(src) by extension 'ignore_ament_install'
[1.314s] Level 1:colcon.colcon_core.package_identification:_identify(src) by extensions ['colcon_pkg']
[1.314s] Level 1:colcon.colcon_core.package_identification:_identify(src) by extension 'colcon_pkg'
[1.315s] Level 1:colcon.colcon_core.package_identification:_identify(src) by extensions ['colcon_meta']
[1.315s] Level 1:colcon.colcon_core.package_identification:_identify(src) by extension 'colcon_meta'
[1.315s] Level 1:colcon.colcon_core.package_identification:_identify(src) by extensions ['ros']
[1.315s] Level 1:colcon.colcon_core.package_identification:_identify(src) by extension 'ros'
[1.315s] Level 1:colcon.colcon_core.package_identification:_identify(src) by extensions ['cmake', 'python']
[1.316s] Level 1:colcon.colcon_core.package_identification:_identify(src) by extension 'cmake'
[1.316s] Level 1:colcon.colcon_core.package_identification:_identify(src) by extension 'python'
[1.316s] Level 1:colcon.colcon_core.package_identification:_identify(src) by extensions ['python_setup_py']
[1.316s] Level 1:colcon.colcon_core.package_identification:_identify(src) by extension 'python_setup_py'
[1.316s] Level 1:colcon.colcon_core.package_identification:_identify(src/mobile_robot) by extensions ['ignore', 'ignore_ament_install']
[1.317s] Level 1:colcon.colcon_core.package_identification:_identify(src/mobile_robot) by extension 'ignore'
[1.317s] Level 1:colcon.colcon_core.package_identification:_identify(src/mobile_robot) by extension 'ignore_ament_install'
[1.317s] Level 1:colcon.colcon_core.package_identification:_identify(src/mobile_robot) by extensions ['colcon_pkg']
[1.317s] Level 1:colcon.colcon_core.package_identification:_identify(src/mobile_robot) by extension 'colcon_pkg'
[1.317s] Level 1:colcon.colcon_core.package_identification:_identify(src/mobile_robot) by extensions ['colcon_meta']
[1.318s] Level 1:colcon.colcon_core.package_identification:_identify(src/mobile_robot) by extension 'colcon_meta'
[1.318s] Level 1:colcon.colcon_core.package_identification:_identify(src/mobile_robot) by extensions ['ros']
[1.318s] Level 1:colcon.colcon_core.package_identification:_identify(src/mobile_robot) by extension 'ros'
[1.334s] DEBUG:colcon.colcon_core.package_identification:Package 'src/mobile_robot' with type 'ros.ament_python' and name 'mobile_robot'
[1.334s] Level 1:colcon.colcon_core.package_discovery:discover_packages(recursive) using defaults
[1.335s] Level 1:colcon.colcon_core.package_discovery:discover_packages(ignore) discover
[1.335s] Level 1:colcon.colcon_core.package_discovery:discover_packages(ignore) using defaults
[1.335s] Level 1:colcon.colcon_core.package_discovery:discover_packages(path) discover
[1.335s] Level 1:colcon.colcon_core.package_discovery:discover_packages(path) using defaults
[1.448s] Level 1:colcon.colcon_core.package_discovery:discover_packages(prefix_path) check parameters
[1.448s] Level 1:colcon.colcon_core.package_discovery:discover_packages(prefix_path) discover
[1.468s] DEBUG:colcon.colcon_installed_package_information.package_discovery:Found 1 installed packages in /home/user/ws_mobile_robot/install
[1.482s] DEBUG:colcon.colcon_installed_package_information.package_discovery:Found 389 installed packages in /opt/ros/jazzy
[1.491s] Level 1:colcon.colcon_core.package_discovery:discover_packages(prefix_path) using defaults
[1.842s] Level 5:colcon.colcon_core.verb:set package 'mobile_robot' build argument 'cmake_args' from command line to 'None'
[1.843s] Level 5:colcon.colcon_core.verb:set package 'mobile_robot' build argument 'cmake_target' from command line to 'None'
[1.843s] Level 5:colcon.colcon_core.verb:set package 'mobile_robot' build argument 'cmake_target_skip_unavailable' from command line to 'False'
[1.843s] Level 5:colcon.colcon_core.verb:set package 'mobile_robot' build argument 'cmake_clean_cache' from command line to 'False'
[1.843s] Level 5:colcon.colcon_core.verb:set package 'mobile_robot' build argument 'cmake_clean_first' from command line to 'False'
[1.843s] Level 5:colcon.colcon_core.verb:set package 'mobile_robot' build argument 'cmake_force_configure' from command line to 'False'
[1.843s] Level 5:colcon.colcon_core.verb:set package 'mobile_robot' build argument 'ament_cmake_args' from command line to 'None'
[1.843s] Level 5:colcon.colcon_core.verb:set package 'mobile_robot' build argument 'catkin_cmake_args' from command line to 'None'
[1.843s] Level 5:colcon.colcon_core.verb:set package 'mobile_robot' build argument 'catkin_skip_building_tests' from command line to 'False'
[1.844s] DEBUG:colcon.colcon_core.verb:Building package 'mobile_robot' with the following arguments: {'ament_cmake_args': None, 'build_base': '/home/user/ws_mobile_robot/build/mobile_robot', 'catkin_cmake_args': None, 'catkin_skip_building_tests': False, 'cmake_args': None, 'cmake_clean_cache': False, 'cmake_clean_first': False, 'cmake_force_configure': False, 'cmake_target': None, 'cmake_target_skip_unavailable': False, 'install_base': '/home/user/ws_mobile_robot/install/mobile_robot', 'merge_install': False, 'path': '/home/user/ws_mobile_robot/src/mobile_robot', 'symlink_install': False, 'test_result_base': None}
[1.844s] INFO:colcon.colcon_core.executor:Executing jobs using 'parallel' executor
[1.848s] DEBUG:colcon.colcon_parallel_executor.executor.parallel:run_until_complete
[1.849s] INFO:colcon.colcon_ros.task.ament_python.build:Building ROS package in '/home/user/ws_mobile_robot/src/mobile_robot' with build type 'ament_python'
[1.849s] Level 1:colcon.colcon_core.shell:create_environment_hook('mobile_robot', 'ament_prefix_path')
[1.879s] INFO:colcon.colcon_core.plugin_system:Skipping extension 'colcon_core.shell.bat': Not used on non-Windows systems
[1.880s] INFO:colcon.colcon_core.shell:Creating environment hook '/home/user/ws_mobile_robot/install/mobile_robot/share/mobile_robot/hook/ament_prefix_path.ps1'
[1.884s] INFO:colcon.colcon_core.shell:Creating environment descriptor '/home/user/ws_mobile_robot/install/mobile_robot/share/mobile_robot/hook/ament_prefix_path.dsv'
[1.888s] INFO:colcon.colcon_core.shell:Creating environment hook '/home/user/ws_mobile_robot/install/mobile_robot/share/mobile_robot/hook/ament_prefix_path.sh'
[1.892s] INFO:colcon.colcon_core.shell:Skip shell extension 'powershell' for command environment: Not usable outside of PowerShell
[1.892s] DEBUG:colcon.colcon_core.shell:Skip shell extension 'dsv' for command environment
[3.259s] INFO:colcon.colcon_core.task.python.build:Building Python package in '/home/user/ws_mobile_robot/src/mobile_robot'
[3.260s] INFO:colcon.colcon_core.shell:Skip shell extension 'powershell' for command environment: Not usable outside of PowerShell
[3.260s] DEBUG:colcon.colcon_core.shell:Skip shell extension 'dsv' for command environment
[8.062s] DEBUG:colcon.colcon_core.event_handler.log_command:Invoking command in '/home/user/ws_mobile_robot/build/mobile_robot': DEBUGINFOD_URLS=https://debuginfod.ubuntu.com PYTHONPATH=/home/user/ws_mobile_robot/build/mobile_robot/prefix_override:/usr/lib/python3/dist-packages/colcon_core/task/python/colcon_distutils_commands:/home/user/ws_mobile_robot/install/mobile_robot/lib/python3.12/site-packages:${PYTHONPATH} /usr/bin/python3 -W ignore:setup.py install is deprecated -W ignore:easy_install command is deprecated setup.py develop --uninstall --editable --build-directory /home/user/ws_mobile_robot/build/mobile_robot/build
[11.971s] DEBUG:colcon.colcon_core.event_handler.log_command:Invoked command in '/home/user/ws_mobile_robot/build/mobile_robot' returned '0': DEBUGINFOD_URLS=https://debuginfod.ubuntu.com PYTHONPATH=/home/user/ws_mobile_robot/build/mobile_robot/prefix_override:/usr/lib/python3/dist-packages/colcon_core/task/python/colcon_distutils_commands:/home/user/ws_mobile_robot/install/mobile_robot/lib/python3.12/site-packages:${PYTHONPATH} /usr/bin/python3 -W ignore:setup.py install is deprecated -W ignore:easy_install command is deprecated setup.py develop --uninstall --editable --build-directory /home/user/ws_mobile_robot/build/mobile_robot/build
[11.974s] DEBUG:colcon.colcon_core.event_handler.log_command:Invoking command in '/home/user/ws_mobile_robot/src/mobile_robot': DEBUGINFOD_URLS=https://debuginfod.ubuntu.com PYTHONPATH=/home/user/ws_mobile_robot/build/mobile_robot/prefix_override:/usr/lib/python3/dist-packages/colcon_core/task/python/colcon_distutils_commands:/home/user/ws_mobile_robot/install/mobile_robot/lib/python3.12/site-packages:${PYTHONPATH} /usr/bin/python3 -W ignore:setup.py install is deprecated -W ignore:easy_install command is deprecated setup.py egg_info --egg-base ../../build/mobile_robot build --build-base /home/user/ws_mobile_robot/build/mobile_robot/build install --record /home/user/ws_mobile_robot/build/mobile_robot/install.log --single-version-externally-managed install_data --force
[15.875s] DEBUG:colcon.colcon_core.event_handler.log_command:Invoked command in '/home/user/ws_mobile_robot/src/mobile_robot' returned '0': DEBUGINFOD_URLS=https://debuginfod.ubuntu.com PYTHONPATH=/home/user/ws_mobile_robot/build/mobile_robot/prefix_override:/usr/lib/python3/dist-packages/colcon_core/task/python/colcon_distutils_commands:/home/user/ws_mobile_robot/install/mobile_robot/lib/python3.12/site-packages:${PYTHONPATH} /usr/bin/python3 -W ignore:setup.py install is deprecated -W ignore:easy_install command is deprecated setup.py egg_info --egg-base ../../build/mobile_robot build --build-base /home/user/ws_mobile_robot/build/mobile_robot/build install --record /home/user/ws_mobile_robot/build/mobile_robot/install.log --single-version-externally-managed install_data --force
[15.898s] Level 1:colcon.colcon_core.environment:checking '/home/user/ws_mobile_robot/install/mobile_robot' for CMake module files
[15.903s] Level 1:colcon.colcon_core.environment:checking '/home/user/ws_mobile_robot/install/mobile_robot' for CMake config files
[15.914s] Level 1:colcon.colcon_core.environment:checking '/home/user/ws_mobile_robot/install/mobile_robot/lib'
[15.914s] Level 1:colcon.colcon_core.environment:checking '/home/user/ws_mobile_robot/install/mobile_robot/bin'
[15.915s] Level 1:colcon.colcon_core.environment:checking '/home/user/ws_mobile_robot/install/mobile_robot/lib/pkgconfig/mobile_robot.pc'
[15.916s] Level 1:colcon.colcon_core.environment:checking '/home/user/ws_mobile_robot/install/mobile_robot/lib/python3.12/site-packages'
[15.917s] Level 1:colcon.colcon_core.shell:create_environment_hook('mobile_robot', 'pythonpath')
[15.918s] INFO:colcon.colcon_core.shell:Creating environment hook '/home/user/ws_mobile_robot/install/mobile_robot/share/mobile_robot/hook/pythonpath.ps1'
[15.921s] INFO:colcon.colcon_core.shell:Creating environment descriptor '/home/user/ws_mobile_robot/install/mobile_robot/share/mobile_robot/hook/pythonpath.dsv'
[15.923s] INFO:colcon.colcon_core.shell:Creating environment hook '/home/user/ws_mobile_robot/install/mobile_robot/share/mobile_robot/hook/pythonpath.sh'
[15.927s] Level 1:colcon.colcon_core.environment:checking '/home/user/ws_mobile_robot/install/mobile_robot/bin'
[15.929s] Level 1:colcon.colcon_core.environment:create_environment_scripts_only(mobile_robot)
[15.930s] INFO:colcon.colcon_core.shell:Creating package script '/home/user/ws_mobile_robot/install/mobile_robot/share/mobile_robot/package.ps1'
[15.937s] INFO:colcon.colcon_core.shell:Creating package descriptor '/home/user/ws_mobile_robot/install/mobile_robot/share/mobile_robot/package.dsv'
[15.941s] INFO:colcon.colcon_core.shell:Creating package script '/home/user/ws_mobile_robot/install/mobile_robot/share/mobile_robot/package.sh'
[15.951s] INFO:colcon.colcon_core.shell:Creating package script '/home/user/ws_mobile_robot/install/mobile_robot/share/mobile_robot/package.bash'
[15.961s] INFO:colcon.colcon_core.shell:Creating package script '/home/user/ws_mobile_robot/install/mobile_robot/share/mobile_robot/package.zsh'
[15.966s] Level 1:colcon.colcon_core.environment:create_file_with_runtime_dependencies(/home/user/ws_mobile_robot/install/mobile_robot/share/colcon-core/packages/mobile_robot)
[15.968s] DEBUG:colcon.colcon_parallel_executor.executor.parallel:closing loop
[15.969s] DEBUG:colcon.colcon_parallel_executor.executor.parallel:loop closed
[15.969s] DEBUG:colcon.colcon_parallel_executor.executor.parallel:run_until_complete finished with '0'
[15.969s] DEBUG:colcon.colcon_core.event_reactor:joining thread
[16.036s] INFO:colcon.colcon_core.plugin_system:Skipping extension 'colcon_notification.desktop_notification.terminal_notifier': Not used on non-Darwin systems
[16.036s] INFO:colcon.colcon_core.plugin_system:Skipping extension 'colcon_notification.desktop_notification.win32': Not used on non-Windows systems
[16.037s] INFO:colcon.colcon_notification.desktop_notification:Sending desktop notification using 'notify2'
[16.135s] DEBUG:colcon.colcon_core.event_reactor:joined thread
[16.135s] INFO:colcon.colcon_core.shell:Creating prefix script '/home/user/ws_mobile_robot/install/local_setup.ps1'
[16.139s] INFO:colcon.colcon_core.shell:Creating prefix util module '/home/user/ws_mobile_robot/install/_local_setup_util_ps1.py'
[16.144s] INFO:colcon.colcon_core.shell:Creating prefix chain script '/home/user/ws_mobile_robot/install/setup.ps1'
[16.151s] INFO:colcon.colcon_core.shell:Creating prefix script '/home/user/ws_mobile_robot/install/local_setup.sh'
[16.154s] INFO:colcon.colcon_core.shell:Creating prefix util module '/home/user/ws_mobile_robot/install/_local_setup_util_sh.py'
[16.156s] INFO:colcon.colcon_core.shell:Creating prefix chain script '/home/user/ws_mobile_robot/install/setup.sh'
[16.160s] INFO:colcon.colcon_core.shell:Creating prefix script '/home/user/ws_mobile_robot/install/local_setup.bash'
[16.165s] INFO:colcon.colcon_core.shell:Creating prefix chain script '/home/user/ws_mobile_robot/install/setup.bash'
[16.170s] INFO:colcon.colcon_core.shell:Creating prefix script '/home/user/ws_mobile_robot/install/local_setup.zsh'
[16.176s] INFO:colcon.colcon_core.shell:Creating prefix chain script '/home/user/ws_mobile_robot/install/setup.zsh'
